<?xml version="1.0" encoding="UTF-8"?>
<!-- Generated by org.testng.reporters.JUnitReportReporter -->
<testsuite hostname="ANCHAL" failures="0" tests="1" name="jenkins.groupExecution_Smoke_Regression_Test.GE_CreateOrgTest" time="23.380" errors="0" timestamp="2025-03-18T15:28:26 IST" skipped="0">
  <testcase classname="jenkins.groupExecution_Smoke_Regression_Test.GE_CreateOrgTest" name="CreateOrgTest" time="23.380"/>
</testsuite> <!-- jenkins.groupExecution_Smoke_Regression_Test.GE_CreateOrgTest -->
