<?xml version="1.0" encoding="UTF-8"?>
<!-- Generated by org.testng.reporters.JUnitReportReporter -->
<testsuite hostname="ANCHAL" failures="0" tests="4" name="jenkins.groupExecution_Smoke_Regression_Test.GE_CreateContactTest" time="53.387" errors="0" timestamp="2025-03-18T15:21:01 IST" skipped="0">
  <testcase classname="jenkins.groupExecution_Smoke_Regression_Test.GE_CreateContactTest" name="CreateContactWithDateTest" time="2.731"/>
  <testcase classname="jenkins.groupExecution_Smoke_Regression_Test.GE_CreateContactTest" name="CreateContactWithOrgNameTest" time="9.936"/>
  <testcase classname="jenkins.groupExecution_Smoke_Regression_Test.GE_CreateContactTest" name="CreateContactTest" time="25.815"/>
  <testcase classname="jenkins.groupExecution_Smoke_Regression_Test.GE_CreateContactTest" name="CreateContactUsingLeadSourceTest" time="14.905"/>
</testsuite> <!-- jenkins.groupExecution_Smoke_Regression_Test.GE_CreateContactTest -->
